Using pre-set license
Built from '2020.2/staging' branch; Version is '2020.2.7f1 (c53830e277f1) revision 12924976'; Using compiler version '192528614'; Build Type 'Release'
OS: 'Windows 10 Home; OS build 19042.867; Version 2009; 64bit' Language: 'en' Physical Memory: 6020 MB
BatchMode: 1, IsHumanControllingUs: 0, StartBugReporterOnCrash: 0, Is64bit: 1, IsPro: 0

 COMMAND LINE ARGUMENTS:
C:\Program Files\Unity\Hub\Editor\2020.2.7f1\Editor\Unity.exe
-adb2
-batchMode
-noUpm
-name
AssetImportWorker0
-projectPath
C:/Users/Matas/Desktop/Projects/StormTheHousePrototype
-logFile
Logs/AssetImportWorker0.log
-srvPort
61522
Successfully changed project path to: C:/Users/Matas/Desktop/Projects/StormTheHousePrototype
C:/Users/Matas/Desktop/Projects/StormTheHousePrototype
Using Asset Import Pipeline V2.
Refreshing native plugins compatible for Editor in 87.24 ms, found 1 plugins.
Preloading 0 native plugins for Editor in 0.00 ms.
Initialize engine version: 2020.2.7f1 (c53830e277f1)
[Subsystems] Discovering subsystems at path C:/Program Files/Unity/Hub/Editor/2020.2.7f1/Editor/Data/Resources/UnitySubsystems
[Subsystems] Discovering subsystems at path C:/Users/Matas/Desktop/Projects/StormTheHousePrototype/Assets
GfxDevice: creating device client; threaded=0
Direct3D:
    Version:  Direct3D 11.0 [level 11.1]
    Renderer: AMD Radeon(TM) Vega 8 Graphics (ID=0x15d8)
    Vendor:   
    VRAM:     3010 MB
    Driver:   26.20.14046.3
Initialize mono
Mono path[0] = 'C:/Program Files/Unity/Hub/Editor/2020.2.7f1/Editor/Data/Managed'
Mono path[1] = 'C:/Program Files/Unity/Hub/Editor/2020.2.7f1/Editor/Data/MonoBleedingEdge/lib/mono/unityjit'
Mono config path = 'C:/Program Files/Unity/Hub/Editor/2020.2.7f1/Editor/Data/MonoBleedingEdge/etc'
Using monoOptions --debugger-agent=transport=dt_socket,embedding=1,server=y,suspend=n,address=127.0.0.1:56288
Begin MonoManager ReloadAssembly
Registering precompiled unity dll's ...
Register platform support module: C:/Program Files/Unity/Hub/Editor/2020.2.7f1/Editor/Data/PlaybackEngines/WindowsStandaloneSupport/UnityEditor.WindowsStandalone.Extensions.dll
Registered in 0.006749 seconds.
Native extension for WindowsStandalone target not found
Refreshing native plugins compatible for Editor in 60.59 ms, found 1 plugins.
Preloading 0 native plugins for Editor in 0.00 ms.
Invoked RoslynAnalysisRunner static constructor.
RoslynAnalysisRunner will not be running.
RoslynAnalysisRunner has terminated.
Mono: successfully reloaded assembly
- Completed reload, in  3.913 seconds
Platform modules already initialized, skipping
Registering precompiled user dll's ...
Registered in 0.003939 seconds.
Begin MonoManager ReloadAssembly
Native extension for WindowsStandalone target not found
Refreshing native plugins compatible for Editor in 56.94 ms, found 1 plugins.
Preloading 0 native plugins for Editor in 0.00 ms.
Invoked RoslynAnalysisRunner static constructor.
RoslynAnalysisRunner will not be running.
RoslynAnalysisRunner has terminated.
Mono: successfully reloaded assembly
- Completed reload, in  1.886 seconds
Platform modules already initialized, skipping
========================================================================
Worker process is ready to serve import requests
Launched and connected shader compiler UnityShaderCompiler.exe after 0.25 seconds
Refreshing native plugins compatible for Editor in 0.46 ms, found 1 plugins.
Preloading 0 native plugins for Editor in 0.00 ms.
Unloading 1806 Unused Serialized files (Serialized files now loaded: 0)
System memory in use before: 85.0 MB.
System memory in use after: 84.9 MB.

Unloading 24 unused Assets to reduce memory usage. Loaded Objects now: 2248.
Total: 2.745500 ms (FindLiveObjects: 0.315500 ms CreateObjectMapping: 0.079200 ms MarkObjects: 2.166200 ms  DeleteObjects: 0.178500 ms)

========================================================================
Received Import Request.
  path: Assets/2021_03_19_0mc_Kleki.png
  artifactKey: Guid(f26441d0fc853554b8df02f55dcd1d7b) Importer(815301076,1909f56bfc062723c751e8b465ee728b)
Start importing Assets/2021_03_19_0mc_Kleki.png using Guid(f26441d0fc853554b8df02f55dcd1d7b) Importer(815301076,1909f56bfc062723c751e8b465ee728b)  -> (artifact id: 'bb99cca0982aa44ec3cf896de181f773') in 0.203040 seconds
  Import took 0.208753 seconds .

========================================================================
Received Import Request.
  Time since last request: 389.371901 seconds.
  path: Assets
  artifactKey: Guid(00000000000000001000000000000000) Importer(815301076,1909f56bfc062723c751e8b465ee728b)
Start importing Assets using Guid(00000000000000001000000000000000) Importer(815301076,1909f56bfc062723c751e8b465ee728b)  -> (artifact id: 'f89434ac489deb914593f829e0a47671') in 0.005951 seconds
  Import took 0.015531 seconds .

========================================================================
Received Import Request.
  Time since last request: 0.001268 seconds.
  path: Assets
  artifactKey: Guid(00000000000000001000000000000000) Importer(815301076,1909f56bfc062723c751e8b465ee728b)
Start importing Assets using Guid(00000000000000001000000000000000) Importer(815301076,1909f56bfc062723c751e8b465ee728b)  -> (artifact id: 'f89434ac489deb914593f829e0a47671') in 0.004407 seconds
  Import took 0.011354 seconds .

========================================================================
Received Import Request.
  Time since last request: 7.774352 seconds.
  path: Assets/Enemy.png
  artifactKey: Guid(5d1e79af257cb474fb9888d47bb1f7b8) Importer(815301076,1909f56bfc062723c751e8b465ee728b)
Start importing Assets/Enemy.png using Guid(5d1e79af257cb474fb9888d47bb1f7b8) Importer(815301076,1909f56bfc062723c751e8b465ee728b)  -> (artifact id: 'd82809817c652b36eaa6485fddefb204') in 0.021936 seconds
  Import took 0.027495 seconds .

